[master 5212017] test-logs: auto commit @ 2026-01-15 05:30:01
 2 files changed, 28 insertions(+)
 create mode 100755 fire_image_watcher.sh
 create mode 100644 git_autocommit.log
To https://github.com/Talhakosse/test-data.git
   0e5107e..5212017  master -> master
[master 90fbfec] test-logs: auto commit @ 2026-01-15 13:00:01
 1 file changed, 8 insertions(+)
To https://github.com/Talhakosse/test-data.git
   484763b..90fbfec  master -> master
[master bb59e33] test-logs: auto commit @ 2026-01-15 13:30:01
 2 files changed, 14 insertions(+)
fatal: unable to access 'https://github.com/Talhakosse/test-data.git/': Could not resolve host: github.com
[master f85e02b] test-logs: auto commit @ 2026-01-18 12:30:02
 2 files changed, 5 insertions(+)
To https://github.com/Talhakosse/test-data.git
   90fbfec..f85e02b  master -> master
[master 5b8e250] test-logs: auto commit @ 2026-01-18 13:00:01
 1 file changed, 4 insertions(+)
To https://github.com/Talhakosse/test-data.git
   f85e02b..5b8e250  master -> master
[master 64842c0] test-logs: auto commit @ 2026-01-18 13:30:01
 1 file changed, 4 insertions(+)
To https://github.com/Talhakosse/test-data.git
   5b8e250..64842c0  master -> master
[master 23918e5] test-logs: auto commit @ 2026-01-18 14:00:01
 1 file changed, 4 insertions(+)
To https://github.com/Talhakosse/test-data.git
   64842c0..23918e5  master -> master
[master 2c31fbf] test-logs: auto commit @ 2026-01-18 14:30:01
 1 file changed, 4 insertions(+)
To https://github.com/Talhakosse/test-data.git
   23918e5..2c31fbf  master -> master
[master dbffe38] test-logs: auto commit @ 2026-01-18 15:00:01
 1 file changed, 4 insertions(+)
To https://github.com/Talhakosse/test-data.git
   2c31fbf..dbffe38  master -> master
[master 683e2fb] test-logs: auto commit @ 2026-01-18 15:30:01
 1 file changed, 4 insertions(+)
To https://github.com/Talhakosse/test-data.git
   dbffe38..683e2fb  master -> master
[master a0b1e60] test-logs: auto commit @ 2026-01-18 16:00:01
 1 file changed, 4 insertions(+)
To https://github.com/Talhakosse/test-data.git
   683e2fb..a0b1e60  master -> master
