[master f5dec86] Auto log update: 2026-04-27 15:00:01
 1 file changed, 8 insertions(+)
 create mode 100644 logs/system_monitor.log
To https://github.com/Talhakosse/test-data.git
   af3b4af..f5dec86  master -> master
[master 796d738] Auto log update: 2026-04-27 16:00:01
 2 files changed, 47 insertions(+)
To https://github.com/Talhakosse/test-data.git
   9b1ab50..796d738  master -> master
[master 16bc51a] Auto log update: 2026-04-27 17:00:01
 1 file changed, 6 insertions(+)
To https://github.com/Talhakosse/test-data.git
   796d738..16bc51a  master -> master
[master 295a1d8] Auto log update: 2026-04-27 18:00:01
 1 file changed, 7 insertions(+)
To https://github.com/Talhakosse/test-data.git
   16bc51a..295a1d8  master -> master
[master c7acfb2] Auto log update: 2026-04-27 19:00:01
 2 files changed, 161 insertions(+)
To https://github.com/Talhakosse/test-data.git
 ! [rejected]        master -> master (fetch first)
error: failed to push some refs to 'https://github.com/Talhakosse/test-data.git'
hint: Updates were rejected because the remote contains work that you do
hint: not have locally. This is usually caused by another repository pushing
hint: to the same ref. You may want to first integrate the remote changes
hint: (e.g., 'git pull ...') before pushing again.
hint: See the 'Note about fast-forwards' in 'git push --help' for details.
[master ef2c3f2] Auto log update: 2026-04-27 20:00:01
 2 files changed, 70 insertions(+)
To https://github.com/Talhakosse/test-data.git
 ! [rejected]        master -> master (fetch first)
error: failed to push some refs to 'https://github.com/Talhakosse/test-data.git'
hint: Updates were rejected because the remote contains work that you do
hint: not have locally. This is usually caused by another repository pushing
hint: to the same ref. You may want to first integrate the remote changes
hint: (e.g., 'git pull ...') before pushing again.
hint: See the 'Note about fast-forwards' in 'git push --help' for details.
[master bef8283] Auto log update: 2026-04-28 09:00:01
 2 files changed, 222 insertions(+)
To https://github.com/Talhakosse/test-data.git
   5e3c116..bef8283  master -> master
[master 6ba13cc] Auto log update: 2026-04-28 11:00:01
 1 file changed, 7 insertions(+)
To https://github.com/Talhakosse/test-data.git
   bef8283..6ba13cc  master -> master
[master 030ec98] Auto log update: 2026-04-28 13:00:01
 1 file changed, 4 insertions(+)
To https://github.com/Talhakosse/test-data.git
   43975da..030ec98  master -> master
[master 23a470c] Auto log update: 2026-04-28 14:00:01
 1 file changed, 59 insertions(+)
To https://github.com/Talhakosse/test-data.git
   9d7b924..23a470c  master -> master
[master 5149f0b] Auto log update: 2026-04-28 15:00:02
 2 files changed, 270 insertions(+)
To https://github.com/Talhakosse/test-data.git
   fdd9688..5149f0b  master -> master
[master 1ee6cea] Auto log update: 2026-04-28 16:00:01
 2 files changed, 908 insertions(+)
To https://github.com/Talhakosse/test-data.git
   5149f0b..1ee6cea  master -> master
[master 278ddfe] Auto log update: 2026-04-28 17:00:01
 2 files changed, 909 insertions(+)
To https://github.com/Talhakosse/test-data.git
   1ee6cea..278ddfe  master -> master
[master 1986ce0] Auto log update: 2026-04-28 18:00:01
 2 files changed, 910 insertions(+)
To https://github.com/Talhakosse/test-data.git
   278ddfe..1986ce0  master -> master
[master 880dbb7] Auto log update: 2026-04-28 19:00:01
 2 files changed, 910 insertions(+)
To https://github.com/Talhakosse/test-data.git
   1986ce0..880dbb7  master -> master
[master ec814a4] Auto log update: 2026-04-28 20:00:01
 2 files changed, 905 insertions(+)
To https://github.com/Talhakosse/test-data.git
   880dbb7..ec814a4  master -> master
[master 2fbd969] Auto log update: 2026-04-28 21:00:01
 2 files changed, 911 insertions(+)
To https://github.com/Talhakosse/test-data.git
   ec814a4..2fbd969  master -> master
[master e1dd10a] Auto log update: 2026-04-28 22:00:01
 2 files changed, 910 insertions(+)
To https://github.com/Talhakosse/test-data.git
   2fbd969..e1dd10a  master -> master
[master b12071b] Auto log update: 2026-04-28 23:00:01
 2 files changed, 907 insertions(+)
To https://github.com/Talhakosse/test-data.git
   e1dd10a..b12071b  master -> master
[master 42f30b6] Auto log update: 2026-04-29 00:00:01
 2 files changed, 6 insertions(+), 12751 deletions(-)
 delete mode 100644 logs/track.log
To https://github.com/Talhakosse/test-data.git
   b12071b..42f30b6  master -> master
[master 8bf8072] Auto log update: 2026-04-29 01:00:01
 1 file changed, 6 insertions(+)
To https://github.com/Talhakosse/test-data.git
   42f30b6..8bf8072  master -> master
[master 6c09485] Auto log update: 2026-04-29 02:00:01
 1 file changed, 6 insertions(+)
To https://github.com/Talhakosse/test-data.git
   8bf8072..6c09485  master -> master
[master d5a464c] Auto log update: 2026-04-29 03:00:01
 1 file changed, 6 insertions(+)
To https://github.com/Talhakosse/test-data.git
   6c09485..d5a464c  master -> master
[master 69f198e] Auto log update: 2026-04-29 04:00:01
 1 file changed, 6 insertions(+)
To https://github.com/Talhakosse/test-data.git
   d5a464c..69f198e  master -> master
[master 8315875] Auto log update: 2026-04-29 05:00:01
 1 file changed, 6 insertions(+)
To https://github.com/Talhakosse/test-data.git
   69f198e..8315875  master -> master
[master 66b5bfe] Auto log update: 2026-04-29 06:00:01
 1 file changed, 6 insertions(+)
To https://github.com/Talhakosse/test-data.git
   8315875..66b5bfe  master -> master
[master 779ae39] Auto log update: 2026-04-29 07:00:01
 1 file changed, 6 insertions(+)
To https://github.com/Talhakosse/test-data.git
   66b5bfe..779ae39  master -> master
[master a2b817c] Auto log update: 2026-04-29 08:00:01
 1 file changed, 2 insertions(+)
To https://github.com/Talhakosse/test-data.git
   6a4e027..a2b817c  master -> master
[master 6bda0c7] Auto log update: 2026-04-29 09:00:01
 1 file changed, 2 insertions(+)
To https://github.com/Talhakosse/test-data.git
   74d476c..6bda0c7  master -> master
